<?xml version="1.0" encoding="UTF-8"?>
<!-- Generated by org.testng.reporters.JUnitReportReporter -->
<testsuite hostname="HQSWL-335593" name="com.comcast.century.newConnect.NewConnectTest" tests="6" failures="0" timestamp="8 Aug 2016 20:25:33 GMT" time="342.071" errors="0">
  <testcase name="createBillingAccount" time="43.525" classname="com.comcast.century.newConnect.NewConnectTest"/>
  <testcase name="processService" time="121.155" classname="com.comcast.century.newConnect.NewConnectTest"/>
  <testcase name="submitOrder" time="53.137" classname="com.comcast.century.newConnect.NewConnectTest"/>
  <testcase name="createAddress" time="37.471" classname="com.comcast.century.newConnect.NewConnectTest"/>
  <testcase name="selectService" time="52.907" classname="com.comcast.century.newConnect.NewConnectTest"/>
  <testcase name="createServiceAccount" time="33.876" classname="com.comcast.century.newConnect.NewConnectTest"/>
</testsuite> <!-- com.comcast.century.newConnect.NewConnectTest -->
