<?xml version="1.0" encoding="UTF-8"?>
<!-- Generated by org.testng.reporters.JUnitReportReporter -->
<testsuite hostname="PC103463" name="com.comcast.century.newConnect.newConnect" tests="1" failures="0" timestamp="1 Aug 2016 13:02:51 GMT" time="1098.196" errors="0">
  <testcase name="New_Connect_ME_EDI_New_connect" time="1098.196" classname="com.comcast.century.newConnect.newConnect"/>
</testsuite> <!-- com.comcast.century.newConnect.newConnect -->
